2021-12-30 23:13:10.474  INFO 14080 --- [main] i.u.d.p.f.FootTicketsApplication         : Starting FootTicketsApplication using Java 1.8.0_202 on DESKTOP-DAVIDE with PID 14080 (C:\Users\Davide\IdeaProjects\footTickets\target\classes started by Davide in C:\Users\Davide\IdeaProjects\footTickets)
2021-12-30 23:13:10.476  INFO 14080 --- [main] i.u.d.p.f.FootTicketsApplication         : No active profile set, falling back to default profiles: default
2021-12-30 23:13:10.505  INFO 14080 --- [main] .e.DevToolsPropertyDefaultsPostProcessor : For additional web related logging consider setting the 'logging.level.web' property to 'DEBUG'
2021-12-30 23:13:10.965  INFO 14080 --- [main] .s.d.r.c.RepositoryConfigurationDelegate : Bootstrapping Spring Data JPA repositories in DEFAULT mode.
2021-12-30 23:13:11.006  INFO 14080 --- [main] .s.d.r.c.RepositoryConfigurationDelegate : Finished Spring Data repository scanning in 33 ms. Found 1 JPA repository interfaces.
2021-12-30 23:13:11.405 DEBUG 14080 --- [main] o.apache.tomcat.util.compat.Jre9Compat   : Class not found so assuming code is running on a pre-Java 9 JVM

java.lang.ClassNotFoundException: java.lang.reflect.InaccessibleObjectException
	at java.net.URLClassLoader.findClass(URLClassLoader.java:382) ~[na:1.8.0_202]
	at java.lang.ClassLoader.loadClass(ClassLoader.java:424) ~[na:1.8.0_202]
	at java.lang.ClassLoader.loadClass(ClassLoader.java:357) ~[na:1.8.0_202]
	at java.lang.Class.forName0(Native Method) ~[na:1.8.0_202]
	at java.lang.Class.forName(Class.java:264) ~[na:1.8.0_202]
	at org.apache.tomcat.util.compat.Jre9Compat.<clinit>(Jre9Compat.java:83) ~[tomcat-embed-core-9.0.56.jar:9.0.56]
	at org.apache.tomcat.util.compat.JreCompat.<clinit>(JreCompat.java:70) [tomcat-embed-core-9.0.56.jar:9.0.56]
	at org.apache.catalina.startup.Tomcat.<clinit>(Tomcat.java:1304) [tomcat-embed-core-9.0.56.jar:9.0.56]
	at org.springframework.boot.web.embedded.tomcat.TomcatServletWebServerFactory.getWebServer(TomcatServletWebServerFactory.java:192) [spring-boot-2.6.2.jar:2.6.2]
	at org.springframework.boot.web.servlet.context.ServletWebServerApplicationContext.createWebServer(ServletWebServerApplicationContext.java:182) [spring-boot-2.6.2.jar:2.6.2]
	at org.springframework.boot.web.servlet.context.ServletWebServerApplicationContext.onRefresh(ServletWebServerApplicationContext.java:160) [spring-boot-2.6.2.jar:2.6.2]
	at org.springframework.context.support.AbstractApplicationContext.refresh(AbstractApplicationContext.java:577) [spring-context-5.3.14.jar:5.3.14]
	at org.springframework.boot.web.servlet.context.ServletWebServerApplicationContext.refresh(ServletWebServerApplicationContext.java:145) [spring-boot-2.6.2.jar:2.6.2]
	at org.springframework.boot.SpringApplication.refresh(SpringApplication.java:730) [spring-boot-2.6.2.jar:2.6.2]
	at org.springframework.boot.SpringApplication.refreshContext(SpringApplication.java:412) [spring-boot-2.6.2.jar:2.6.2]
	at org.springframework.boot.SpringApplication.run(SpringApplication.java:302) [spring-boot-2.6.2.jar:2.6.2]
	at org.springframework.boot.SpringApplication.run(SpringApplication.java:1301) [spring-boot-2.6.2.jar:2.6.2]
	at org.springframework.boot.SpringApplication.run(SpringApplication.java:1290) [spring-boot-2.6.2.jar:2.6.2]
	at it.unipi.dsmt.project.foottickets.FootTicketsApplication.main(FootTicketsApplication.java:10) [classes/:na]
	at sun.reflect.NativeMethodAccessorImpl.invoke0(Native Method) ~[na:1.8.0_202]
	at sun.reflect.NativeMethodAccessorImpl.invoke(NativeMethodAccessorImpl.java:62) ~[na:1.8.0_202]
	at sun.reflect.DelegatingMethodAccessorImpl.invoke(DelegatingMethodAccessorImpl.java:43) ~[na:1.8.0_202]
	at java.lang.reflect.Method.invoke(Method.java:498) ~[na:1.8.0_202]
	at org.springframework.boot.maven.AbstractRunMojo$LaunchRunner.run(AbstractRunMojo.java:563) [spring-boot-maven-plugin-2.6.2.jar:2.6.2]
	at java.lang.Thread.run(Thread.java:748) [na:1.8.0_202]

2021-12-30 23:13:11.406 DEBUG 14080 --- [main] o.apache.tomcat.util.compat.Jre16Compat  : Class not found so assuming code is running on a pre-Java 16 JVM

java.lang.ClassNotFoundException: java.net.UnixDomainSocketAddress
	at java.net.URLClassLoader.findClass(URLClassLoader.java:382) ~[na:1.8.0_202]
	at java.lang.ClassLoader.loadClass(ClassLoader.java:424) ~[na:1.8.0_202]
	at java.lang.ClassLoader.loadClass(ClassLoader.java:357) ~[na:1.8.0_202]
	at java.lang.Class.forName0(Native Method) ~[na:1.8.0_202]
	at java.lang.Class.forName(Class.java:264) ~[na:1.8.0_202]
	at org.apache.tomcat.util.compat.Jre16Compat.<clinit>(Jre16Compat.java:47) ~[tomcat-embed-core-9.0.56.jar:9.0.56]
	at org.apache.tomcat.util.compat.JreCompat.<clinit>(JreCompat.java:70) [tomcat-embed-core-9.0.56.jar:9.0.56]
	at org.apache.catalina.startup.Tomcat.<clinit>(Tomcat.java:1304) [tomcat-embed-core-9.0.56.jar:9.0.56]
	at org.springframework.boot.web.embedded.tomcat.TomcatServletWebServerFactory.getWebServer(TomcatServletWebServerFactory.java:192) [spring-boot-2.6.2.jar:2.6.2]
	at org.springframework.boot.web.servlet.context.ServletWebServerApplicationContext.createWebServer(ServletWebServerApplicationContext.java:182) [spring-boot-2.6.2.jar:2.6.2]
	at org.springframework.boot.web.servlet.context.ServletWebServerApplicationContext.onRefresh(ServletWebServerApplicationContext.java:160) [spring-boot-2.6.2.jar:2.6.2]
	at org.springframework.context.support.AbstractApplicationContext.refresh(AbstractApplicationContext.java:577) [spring-context-5.3.14.jar:5.3.14]
	at org.springframework.boot.web.servlet.context.ServletWebServerApplicationContext.refresh(ServletWebServerApplicationContext.java:145) [spring-boot-2.6.2.jar:2.6.2]
	at org.springframework.boot.SpringApplication.refresh(SpringApplication.java:730) [spring-boot-2.6.2.jar:2.6.2]
	at org.springframework.boot.SpringApplication.refreshContext(SpringApplication.java:412) [spring-boot-2.6.2.jar:2.6.2]
	at org.springframework.boot.SpringApplication.run(SpringApplication.java:302) [spring-boot-2.6.2.jar:2.6.2]
	at org.springframework.boot.SpringApplication.run(SpringApplication.java:1301) [spring-boot-2.6.2.jar:2.6.2]
	at org.springframework.boot.SpringApplication.run(SpringApplication.java:1290) [spring-boot-2.6.2.jar:2.6.2]
	at it.unipi.dsmt.project.foottickets.FootTicketsApplication.main(FootTicketsApplication.java:10) [classes/:na]
	at sun.reflect.NativeMethodAccessorImpl.invoke0(Native Method) ~[na:1.8.0_202]
	at sun.reflect.NativeMethodAccessorImpl.invoke(NativeMethodAccessorImpl.java:62) ~[na:1.8.0_202]
	at sun.reflect.DelegatingMethodAccessorImpl.invoke(DelegatingMethodAccessorImpl.java:43) ~[na:1.8.0_202]
	at java.lang.reflect.Method.invoke(Method.java:498) ~[na:1.8.0_202]
	at org.springframework.boot.maven.AbstractRunMojo$LaunchRunner.run(AbstractRunMojo.java:563) [spring-boot-maven-plugin-2.6.2.jar:2.6.2]
	at java.lang.Thread.run(Thread.java:748) [na:1.8.0_202]

2021-12-30 23:13:11.439 DEBUG 14080 --- [main] o.apache.tomcat.util.IntrospectionUtils  : IntrospectionUtils: setProperty(class org.apache.coyote.http11.Http11NioProtocol port=8080)
2021-12-30 23:13:11.446 DEBUG 14080 --- [main] o.apache.tomcat.util.IntrospectionUtils  : IntrospectionUtils: setProperty(class org.apache.coyote.http11.Http11NioProtocol bindOnInit=false)
2021-12-30 23:13:11.446 DEBUG 14080 --- [main] o.apache.tomcat.util.IntrospectionUtils  : IntrospectionUtils: setProperty(class org.apache.tomcat.util.net.NioEndpoint bindOnInit=false)
2021-12-30 23:13:11.448 DEBUG 14080 --- [main] o.apache.tomcat.util.IntrospectionUtils  : IntrospectionUtils: setProperty(class org.apache.coyote.http11.Http11NioProtocol maxPostSize=2097152)
2021-12-30 23:13:11.448 DEBUG 14080 --- [main] o.apache.tomcat.util.IntrospectionUtils  : IntrospectionUtils: setProperty(class org.apache.tomcat.util.net.NioEndpoint maxPostSize=2097152)
2021-12-30 23:13:11.475  INFO 14080 --- [main] o.s.b.w.embedded.tomcat.TomcatWebServer  : Tomcat initialized with port(s): 8080 (http)
2021-12-30 23:13:11.484 DEBUG 14080 --- [main] o.apache.tomcat.util.IntrospectionUtils  : IntrospectionUtils: setProperty(class org.apache.coyote.http11.Http11NioProtocol parseBodyMethods=POST)
2021-12-30 23:13:11.484 DEBUG 14080 --- [main] o.apache.tomcat.util.IntrospectionUtils  : IntrospectionUtils: setProperty(class org.apache.tomcat.util.net.NioEndpoint parseBodyMethods=POST)
2021-12-30 23:13:11.485  INFO 14080 --- [main] o.apache.catalina.core.StandardService   : Starting service [Tomcat]
2021-12-30 23:13:11.485  INFO 14080 --- [main] org.apache.catalina.core.StandardEngine  : Starting Servlet engine: [Apache Tomcat/9.0.56]
2021-12-30 23:13:11.539  INFO 14080 --- [main] o.a.c.c.C.[Tomcat].[localhost].[/]       : Initializing Spring embedded WebApplicationContext
2021-12-30 23:13:11.539  INFO 14080 --- [main] w.s.c.ServletWebServerApplicationContext : Root WebApplicationContext: initialization completed in 1033 ms
2021-12-30 23:13:11.623  INFO 14080 --- [main] com.zaxxer.hikari.HikariDataSource       : FootTicketsCP - Starting...
2021-12-30 23:13:11.989  INFO 14080 --- [main] com.zaxxer.hikari.HikariDataSource       : FootTicketsCP - Start completed.
2021-12-30 23:13:12.093  INFO 14080 --- [main] o.hibernate.jpa.internal.util.LogHelper  : HHH000204: Processing PersistenceUnitInfo [name: default]
2021-12-30 23:13:12.143  INFO 14080 --- [main] org.hibernate.Version                    : HHH000412: Hibernate ORM core version 5.6.3.Final
2021-12-30 23:13:12.291  INFO 14080 --- [main] o.hibernate.annotations.common.Version   : HCANN000001: Hibernate Commons Annotations {5.1.2.Final}
2021-12-30 23:13:12.389  INFO 14080 --- [main] org.hibernate.dialect.Dialect            : HHH000400: Using dialect: org.hibernate.dialect.MySQL5InnoDBDialect
2021-12-30 23:13:12.954  INFO 14080 --- [main] o.h.e.t.j.p.i.JtaPlatformInitiator       : HHH000490: Using JtaPlatform implementation: [org.hibernate.engine.transaction.jta.platform.internal.NoJtaPlatform]
2021-12-30 23:13:12.962  INFO 14080 --- [main] j.LocalContainerEntityManagerFactoryBean : Initialized JPA EntityManagerFactory for persistence unit 'default'
2021-12-30 23:13:12.994  WARN 14080 --- [main] JpaBaseConfiguration$JpaWebConfiguration : spring.jpa.open-in-view is enabled by default. Therefore, database queries may be performed during view rendering. Explicitly configure spring.jpa.open-in-view to disable this warning
2021-12-30 23:13:13.383  INFO 14080 --- [main] o.s.b.a.w.s.WelcomePageHandlerMapping    : Adding welcome page template: index
2021-12-30 23:13:13.590  INFO 14080 --- [main] o.s.s.web.DefaultSecurityFilterChain     : Will secure any request with [org.springframework.security.web.context.request.async.WebAsyncManagerIntegrationFilter@39d38f7d, org.springframework.security.web.context.SecurityContextPersistenceFilter@997fc16, org.springframework.security.web.header.HeaderWriterFilter@5e2bd43c, org.springframework.security.web.authentication.logout.LogoutFilter@78eecfdf, org.springframework.security.web.authentication.UsernamePasswordAuthenticationFilter@48185f1f, org.springframework.security.web.savedrequest.RequestCacheAwareFilter@6abf00f3, org.springframework.security.web.servletapi.SecurityContextHolderAwareRequestFilter@26393b07, org.springframework.security.web.authentication.AnonymousAuthenticationFilter@10bfdfdb, org.springframework.security.web.session.SessionManagementFilter@34f2a, org.springframework.security.web.access.ExceptionTranslationFilter@1b330782, org.springframework.security.web.access.intercept.FilterSecurityInterceptor@5fd6a969]
2021-12-30 23:13:13.630 DEBUG 14080 --- [http-nio-8080-Acceptor] o.apache.tomcat.util.threads.LimitLatch  : Counting up[http-nio-8080-Acceptor] latch=0
2021-12-30 23:13:13.631  INFO 14080 --- [main] o.s.b.w.embedded.tomcat.TomcatWebServer  : Tomcat started on port(s): 8080 (http) with context path ''
2021-12-30 23:13:13.638  INFO 14080 --- [main] i.u.d.p.f.FootTicketsApplication         : Started FootTicketsApplication in 3.452 seconds (JVM running for 6.183)
2021-12-30 23:13:21.115 DEBUG 14080 --- [http-nio-8080-Acceptor] o.apache.tomcat.util.threads.LimitLatch  : Counting up[http-nio-8080-Acceptor] latch=1
2021-12-30 23:13:21.116 DEBUG 14080 --- [http-nio-8080-Acceptor] o.apache.tomcat.util.threads.LimitLatch  : Counting up[http-nio-8080-Acceptor] latch=2
2021-12-30 23:13:21.139 DEBUG 14080 --- [http-nio-8080-exec-1] o.a.tomcat.util.net.SocketWrapperBase    : Socket: [org.apache.tomcat.util.net.NioEndpoint$NioSocketWrapper@7f8c9b32:org.apache.tomcat.util.net.NioChannel@28ac8efa:java.nio.channels.SocketChannel[connected local=/0:0:0:0:0:0:0:1:8080 remote=/0:0:0:0:0:0:0:1:62197]], Read from buffer: [0]
2021-12-30 23:13:21.139 DEBUG 14080 --- [http-nio-8080-exec-1] org.apache.tomcat.util.net.NioEndpoint   : Socket: [org.apache.tomcat.util.net.NioEndpoint$NioSocketWrapper@7f8c9b32:org.apache.tomcat.util.net.NioChannel@28ac8efa:java.nio.channels.SocketChannel[connected local=/0:0:0:0:0:0:0:1:8080 remote=/0:0:0:0:0:0:0:1:62197]], Read direct from socket: [811]
2021-12-30 23:13:21.154 DEBUG 14080 --- [http-nio-8080-exec-1] org.apache.tomcat.util.http.Parameters   : Set query string encoding to UTF-8
2021-12-30 23:13:21.155 DEBUG 14080 --- [http-nio-8080-exec-1] o.a.t.util.http.Rfc6265CookieProcessor   : Cookies: Parsing b[]: JSESSIONID=994DF67F526E98AED7D04A3B380A9B67
2021-12-30 23:13:21.161  INFO 14080 --- [http-nio-8080-exec-1] o.a.c.c.C.[Tomcat].[localhost].[/]       : Initializing Spring DispatcherServlet 'dispatcherServlet'
2021-12-30 23:13:21.162  INFO 14080 --- [http-nio-8080-exec-1] o.s.web.servlet.DispatcherServlet        : Initializing Servlet 'dispatcherServlet'
2021-12-30 23:13:21.162  INFO 14080 --- [http-nio-8080-exec-1] o.s.web.servlet.DispatcherServlet        : Completed initialization in 0 ms
2021-12-30 23:13:21.182 DEBUG 14080 --- [http-nio-8080-exec-1] org.apache.tomcat.util.http.Parameters   : Set encoding to UTF-8
2021-12-30 23:13:21.190 DEBUG 14080 --- [http-nio-8080-exec-1] o.a.tomcat.util.net.SocketWrapperBase    : Socket: [org.apache.tomcat.util.net.NioEndpoint$NioSocketWrapper@7f8c9b32:org.apache.tomcat.util.net.NioChannel@28ac8efa:java.nio.channels.SocketChannel[connected local=/0:0:0:0:0:0:0:1:8080 remote=/0:0:0:0:0:0:0:1:62197]], Read from buffer: [0]
2021-12-30 23:13:21.190 DEBUG 14080 --- [http-nio-8080-exec-1] org.apache.tomcat.util.net.NioEndpoint   : Socket: [org.apache.tomcat.util.net.NioEndpoint$NioSocketWrapper@7f8c9b32:org.apache.tomcat.util.net.NioChannel@28ac8efa:java.nio.channels.SocketChannel[connected local=/0:0:0:0:0:0:0:1:8080 remote=/0:0:0:0:0:0:0:1:62197]], Read direct from socket: [0]
2021-12-30 23:13:21.190 DEBUG 14080 --- [http-nio-8080-exec-1] org.apache.tomcat.util.net.NioEndpoint   : Registered read interest for [org.apache.tomcat.util.net.NioEndpoint$NioSocketWrapper@7f8c9b32:org.apache.tomcat.util.net.NioChannel@28ac8efa:java.nio.channels.SocketChannel[connected local=/0:0:0:0:0:0:0:1:8080 remote=/0:0:0:0:0:0:0:1:62197]]
2021-12-30 23:13:21.193 DEBUG 14080 --- [http-nio-8080-exec-2] o.a.tomcat.util.net.SocketWrapperBase    : Socket: [org.apache.tomcat.util.net.NioEndpoint$NioSocketWrapper@7f8c9b32:org.apache.tomcat.util.net.NioChannel@28ac8efa:java.nio.channels.SocketChannel[connected local=/0:0:0:0:0:0:0:1:8080 remote=/0:0:0:0:0:0:0:1:62197]], Read from buffer: [0]
2021-12-30 23:13:21.193 DEBUG 14080 --- [http-nio-8080-exec-2] org.apache.tomcat.util.net.NioEndpoint   : Socket: [org.apache.tomcat.util.net.NioEndpoint$NioSocketWrapper@7f8c9b32:org.apache.tomcat.util.net.NioChannel@28ac8efa:java.nio.channels.SocketChannel[connected local=/0:0:0:0:0:0:0:1:8080 remote=/0:0:0:0:0:0:0:1:62197]], Read direct from socket: [811]
2021-12-30 23:13:21.193 DEBUG 14080 --- [http-nio-8080-exec-2] o.a.t.util.http.Rfc6265CookieProcessor   : Cookies: Parsing b[]: JSESSIONID=20EF0EA534D463B3B3F33C638D01D7D8
2021-12-30 23:13:21.353 DEBUG 14080 --- [http-nio-8080-exec-2] o.a.tomcat.util.net.SocketWrapperBase    : Socket: [org.apache.tomcat.util.net.NioEndpoint$NioSocketWrapper@7f8c9b32:org.apache.tomcat.util.net.NioChannel@28ac8efa:java.nio.channels.SocketChannel[connected local=/0:0:0:0:0:0:0:1:8080 remote=/0:0:0:0:0:0:0:1:62197]], Read from buffer: [0]
2021-12-30 23:13:21.353 DEBUG 14080 --- [http-nio-8080-exec-2] org.apache.tomcat.util.net.NioEndpoint   : Socket: [org.apache.tomcat.util.net.NioEndpoint$NioSocketWrapper@7f8c9b32:org.apache.tomcat.util.net.NioChannel@28ac8efa:java.nio.channels.SocketChannel[connected local=/0:0:0:0:0:0:0:1:8080 remote=/0:0:0:0:0:0:0:1:62197]], Read direct from socket: [0]
2021-12-30 23:13:21.353 DEBUG 14080 --- [http-nio-8080-exec-2] org.apache.tomcat.util.net.NioEndpoint   : Registered read interest for [org.apache.tomcat.util.net.NioEndpoint$NioSocketWrapper@7f8c9b32:org.apache.tomcat.util.net.NioChannel@28ac8efa:java.nio.channels.SocketChannel[connected local=/0:0:0:0:0:0:0:1:8080 remote=/0:0:0:0:0:0:0:1:62197]]
2021-12-30 23:13:21.364 DEBUG 14080 --- [http-nio-8080-exec-3] o.a.tomcat.util.net.SocketWrapperBase    : Socket: [org.apache.tomcat.util.net.NioEndpoint$NioSocketWrapper@7f8c9b32:org.apache.tomcat.util.net.NioChannel@28ac8efa:java.nio.channels.SocketChannel[connected local=/0:0:0:0:0:0:0:1:8080 remote=/0:0:0:0:0:0:0:1:62197]], Read from buffer: [0]
2021-12-30 23:13:21.364 DEBUG 14080 --- [http-nio-8080-exec-3] org.apache.tomcat.util.net.NioEndpoint   : Socket: [org.apache.tomcat.util.net.NioEndpoint$NioSocketWrapper@7f8c9b32:org.apache.tomcat.util.net.NioChannel@28ac8efa:java.nio.channels.SocketChannel[connected local=/0:0:0:0:0:0:0:1:8080 remote=/0:0:0:0:0:0:0:1:62197]], Read direct from socket: [641]
2021-12-30 23:13:21.365 DEBUG 14080 --- [http-nio-8080-exec-4] o.a.tomcat.util.net.SocketWrapperBase    : Socket: [org.apache.tomcat.util.net.NioEndpoint$NioSocketWrapper@611f1712:org.apache.tomcat.util.net.NioChannel@6fd8e541:java.nio.channels.SocketChannel[connected local=/0:0:0:0:0:0:0:1:8080 remote=/0:0:0:0:0:0:0:1:62198]], Read from buffer: [0]
2021-12-30 23:13:21.365 DEBUG 14080 --- [http-nio-8080-exec-4] org.apache.tomcat.util.net.NioEndpoint   : Socket: [org.apache.tomcat.util.net.NioEndpoint$NioSocketWrapper@611f1712:org.apache.tomcat.util.net.NioChannel@6fd8e541:java.nio.channels.SocketChannel[connected local=/0:0:0:0:0:0:0:1:8080 remote=/0:0:0:0:0:0:0:1:62198]], Read direct from socket: [622]
2021-12-30 23:13:21.365 DEBUG 14080 --- [http-nio-8080-exec-3] o.a.t.util.http.Rfc6265CookieProcessor   : Cookies: Parsing b[]: JSESSIONID=20EF0EA534D463B3B3F33C638D01D7D8
2021-12-30 23:13:21.366 DEBUG 14080 --- [http-nio-8080-exec-4] org.apache.tomcat.util.http.Parameters   : Set query string encoding to UTF-8
2021-12-30 23:13:21.367 DEBUG 14080 --- [http-nio-8080-Acceptor] o.apache.tomcat.util.threads.LimitLatch  : Counting up[http-nio-8080-Acceptor] latch=3
2021-12-30 23:13:21.367 DEBUG 14080 --- [http-nio-8080-exec-4] o.a.t.util.http.Rfc6265CookieProcessor   : Cookies: Parsing b[]: JSESSIONID=20EF0EA534D463B3B3F33C638D01D7D8
2021-12-30 23:13:21.368 DEBUG 14080 --- [http-nio-8080-exec-5] o.a.tomcat.util.net.SocketWrapperBase    : Socket: [org.apache.tomcat.util.net.NioEndpoint$NioSocketWrapper@4d159c99:org.apache.tomcat.util.net.NioChannel@43d26b4b:java.nio.channels.SocketChannel[connected local=/0:0:0:0:0:0:0:1:8080 remote=/0:0:0:0:0:0:0:1:62200]], Read from buffer: [0]
2021-12-30 23:13:21.368 DEBUG 14080 --- [http-nio-8080-exec-5] org.apache.tomcat.util.net.NioEndpoint   : Socket: [org.apache.tomcat.util.net.NioEndpoint$NioSocketWrapper@4d159c99:org.apache.tomcat.util.net.NioChannel@43d26b4b:java.nio.channels.SocketChannel[connected local=/0:0:0:0:0:0:0:1:8080 remote=/0:0:0:0:0:0:0:1:62200]], Read direct from socket: [624]
2021-12-30 23:13:21.369 DEBUG 14080 --- [http-nio-8080-exec-5] org.apache.tomcat.util.http.Parameters   : Set query string encoding to UTF-8
2021-12-30 23:13:21.369 DEBUG 14080 --- [http-nio-8080-exec-5] o.a.t.util.http.Rfc6265CookieProcessor   : Cookies: Parsing b[]: JSESSIONID=20EF0EA534D463B3B3F33C638D01D7D8
2021-12-30 23:13:21.385 DEBUG 14080 --- [http-nio-8080-exec-3] o.a.tomcat.util.net.SocketWrapperBase    : Socket: [org.apache.tomcat.util.net.NioEndpoint$NioSocketWrapper@7f8c9b32:org.apache.tomcat.util.net.NioChannel@28ac8efa:java.nio.channels.SocketChannel[connected local=/0:0:0:0:0:0:0:1:8080 remote=/0:0:0:0:0:0:0:1:62197]], Read from buffer: [0]
2021-12-30 23:13:21.385 DEBUG 14080 --- [http-nio-8080-exec-5] o.a.tomcat.util.net.SocketWrapperBase    : Socket: [org.apache.tomcat.util.net.NioEndpoint$NioSocketWrapper@4d159c99:org.apache.tomcat.util.net.NioChannel@43d26b4b:java.nio.channels.SocketChannel[connected local=/0:0:0:0:0:0:0:1:8080 remote=/0:0:0:0:0:0:0:1:62200]], Read from buffer: [0]
2021-12-30 23:13:21.385 DEBUG 14080 --- [http-nio-8080-exec-4] o.a.tomcat.util.net.SocketWrapperBase    : Socket: [org.apache.tomcat.util.net.NioEndpoint$NioSocketWrapper@611f1712:org.apache.tomcat.util.net.NioChannel@6fd8e541:java.nio.channels.SocketChannel[connected local=/0:0:0:0:0:0:0:1:8080 remote=/0:0:0:0:0:0:0:1:62198]], Read from buffer: [0]
2021-12-30 23:13:21.385 DEBUG 14080 --- [http-nio-8080-exec-3] org.apache.tomcat.util.net.NioEndpoint   : Socket: [org.apache.tomcat.util.net.NioEndpoint$NioSocketWrapper@7f8c9b32:org.apache.tomcat.util.net.NioChannel@28ac8efa:java.nio.channels.SocketChannel[connected local=/0:0:0:0:0:0:0:1:8080 remote=/0:0:0:0:0:0:0:1:62197]], Read direct from socket: [0]
2021-12-30 23:13:21.385 DEBUG 14080 --- [http-nio-8080-exec-5] org.apache.tomcat.util.net.NioEndpoint   : Socket: [org.apache.tomcat.util.net.NioEndpoint$NioSocketWrapper@4d159c99:org.apache.tomcat.util.net.NioChannel@43d26b4b:java.nio.channels.SocketChannel[connected local=/0:0:0:0:0:0:0:1:8080 remote=/0:0:0:0:0:0:0:1:62200]], Read direct from socket: [0]
2021-12-30 23:13:21.386 DEBUG 14080 --- [http-nio-8080-exec-4] org.apache.tomcat.util.net.NioEndpoint   : Socket: [org.apache.tomcat.util.net.NioEndpoint$NioSocketWrapper@611f1712:org.apache.tomcat.util.net.NioChannel@6fd8e541:java.nio.channels.SocketChannel[connected local=/0:0:0:0:0:0:0:1:8080 remote=/0:0:0:0:0:0:0:1:62198]], Read direct from socket: [0]
2021-12-30 23:13:21.386 DEBUG 14080 --- [http-nio-8080-exec-3] org.apache.tomcat.util.net.NioEndpoint   : Registered read interest for [org.apache.tomcat.util.net.NioEndpoint$NioSocketWrapper@7f8c9b32:org.apache.tomcat.util.net.NioChannel@28ac8efa:java.nio.channels.SocketChannel[connected local=/0:0:0:0:0:0:0:1:8080 remote=/0:0:0:0:0:0:0:1:62197]]
2021-12-30 23:13:21.386 DEBUG 14080 --- [http-nio-8080-exec-5] org.apache.tomcat.util.net.NioEndpoint   : Registered read interest for [org.apache.tomcat.util.net.NioEndpoint$NioSocketWrapper@4d159c99:org.apache.tomcat.util.net.NioChannel@43d26b4b:java.nio.channels.SocketChannel[connected local=/0:0:0:0:0:0:0:1:8080 remote=/0:0:0:0:0:0:0:1:62200]]
2021-12-30 23:13:21.386 DEBUG 14080 --- [http-nio-8080-exec-4] org.apache.tomcat.util.net.NioEndpoint   : Registered read interest for [org.apache.tomcat.util.net.NioEndpoint$NioSocketWrapper@611f1712:org.apache.tomcat.util.net.NioChannel@6fd8e541:java.nio.channels.SocketChannel[connected local=/0:0:0:0:0:0:0:1:8080 remote=/0:0:0:0:0:0:0:1:62198]]
2021-12-30 23:13:31.443 DEBUG 14080 --- [http-nio-8080-exec-6] o.apache.tomcat.util.threads.LimitLatch  : Counting down[http-nio-8080-exec-6] latch=1
2021-12-30 23:13:31.443 DEBUG 14080 --- [http-nio-8080-exec-8] o.apache.tomcat.util.threads.LimitLatch  : Counting down[http-nio-8080-exec-8] latch=2
2021-12-30 23:13:31.443 DEBUG 14080 --- [http-nio-8080-exec-7] o.apache.tomcat.util.threads.LimitLatch  : Counting down[http-nio-8080-exec-7] latch=3
2021-12-30 23:13:31.444 DEBUG 14080 --- [http-nio-8080-exec-6] org.apache.tomcat.util.net.NioEndpoint   : Calling [org.apache.tomcat.util.net.NioEndpoint@10799606].closeSocket([org.apache.tomcat.util.net.NioEndpoint$NioSocketWrapper@7f8c9b32:org.apache.tomcat.util.net.NioChannel@28ac8efa:java.nio.channels.SocketChannel[connected local=/0:0:0:0:0:0:0:1:8080 remote=/0:0:0:0:0:0:0:1:62197]])
2021-12-30 23:13:31.444 DEBUG 14080 --- [http-nio-8080-exec-7] org.apache.tomcat.util.net.NioEndpoint   : Calling [org.apache.tomcat.util.net.NioEndpoint@10799606].closeSocket([org.apache.tomcat.util.net.NioEndpoint$NioSocketWrapper@4d159c99:org.apache.tomcat.util.net.NioChannel@43d26b4b:java.nio.channels.SocketChannel[connected local=/0:0:0:0:0:0:0:1:8080 remote=/0:0:0:0:0:0:0:1:62200]])
2021-12-30 23:13:31.444 DEBUG 14080 --- [http-nio-8080-exec-8] org.apache.tomcat.util.net.NioEndpoint   : Calling [org.apache.tomcat.util.net.NioEndpoint@10799606].closeSocket([org.apache.tomcat.util.net.NioEndpoint$NioSocketWrapper@611f1712:org.apache.tomcat.util.net.NioChannel@6fd8e541:java.nio.channels.SocketChannel[connected local=/0:0:0:0:0:0:0:1:8080 remote=/0:0:0:0:0:0:0:1:62198]])
2021-12-30 23:16:33.549  INFO 14080 --- [SpringApplicationShutdownHook] j.LocalContainerEntityManagerFactoryBean : Closing JPA EntityManagerFactory for persistence unit 'default'
2021-12-30 23:16:33.551  INFO 14080 --- [SpringApplicationShutdownHook] com.zaxxer.hikari.HikariDataSource       : FootTicketsCP - Shutdown initiated...
2021-12-30 23:16:33.561  INFO 14080 --- [SpringApplicationShutdownHook] com.zaxxer.hikari.HikariDataSource       : FootTicketsCP - Shutdown completed.
